c:\users\alin\source\repos\tema3oop\tema3oop\x64\debug\vc143.pdb
c:\users\alin\source\repos\tema3oop\tema3oop\x64\debug\vc143.idb
c:\users\alin\source\repos\tema3oop\tema3oop\x64\debug\product.obj
c:\users\alin\source\repos\tema3oop\tema3oop\x64\debug\main.obj
c:\users\alin\source\repos\tema3oop\tema3oop\x64\debug\electronicproduct.obj
c:\users\alin\source\repos\tema3oop\tema3oop\x64\debug\clothingproduct.obj
c:\users\alin\source\repos\tema3oop\tema3oop\x64\debug\cartitem.obj
c:\users\alin\source\repos\tema3oop\tema3oop\x64\debug\cart.obj
c:\users\alin\source\repos\tema3oop\tema3oop\x64\debug\productfactory.obj
c:\users\alin\source\repos\tema3oop\x64\debug\tema3oop.exe
c:\users\alin\source\repos\tema3oop\tema3oop\x64\debug\tema3oop.ilk
c:\users\alin\source\repos\tema3oop\x64\debug\tema3oop.pdb
c:\users\alin\source\repos\tema3oop\tema3oop\x64\debug\loggingobserver.obj
c:\users\alin\source\repos\tema3oop\tema3oop\x64\debug\tema3oop.tlog\cl.command.1.tlog
c:\users\alin\source\repos\tema3oop\tema3oop\x64\debug\tema3oop.tlog\cl.items.tlog
c:\users\alin\source\repos\tema3oop\tema3oop\x64\debug\tema3oop.tlog\cl.read.1.tlog
c:\users\alin\source\repos\tema3oop\tema3oop\x64\debug\tema3oop.tlog\cl.write.1.tlog
c:\users\alin\source\repos\tema3oop\tema3oop\x64\debug\tema3oop.tlog\link.command.1.tlog
c:\users\alin\source\repos\tema3oop\tema3oop\x64\debug\tema3oop.tlog\link.read.1.tlog
c:\users\alin\source\repos\tema3oop\tema3oop\x64\debug\tema3oop.tlog\link.write.1.tlog
